Using pre-set license
Built from '2020.3/staging' branch; Version is '2020.3.38f1 (8f5fde82e2dc) revision 9396190'; Using compiler version '192528614'; Build Type 'Release'
OS: 'Windows 10  (10.0.18363) 64bit Professional' Language: 'ru' Physical Memory: 16299 MB
BatchMode: 1, IsHumanControllingUs: 0, StartBugReporterOnCrash: 0, Is64bit: 1, IsPro: 0

COMMAND LINE ARGUMENTS:
D:\Unity\2020.3.38f1\Editor\Unity.exe
-adb2
-batchMode
-noUpm
-name
AssetImportWorker0
-projectPath
D:/Загрузки/Sky-World2608/Sky-World2608
-logFile
Logs/AssetImportWorker0.log
-srvPort
64490
Successfully changed project path to: D:/Загрузки/Sky-World2608/Sky-World2608
D:/Загрузки/Sky-World2608/Sky-World2608
Using Asset Import Pipeline V2.
Refreshing native plugins compatible for Editor in 58.25 ms, found 3 plugins.
Preloading 0 native plugins for Editor in 0.00 ms.
Initialize engine version: 2020.3.38f1 (8f5fde82e2dc)
[Subsystems] Discovering subsystems at path D:/Unity/2020.3.38f1/Editor/Data/Resources/UnitySubsystems
[Subsystems] Discovering subsystems at path D:/Загрузки/Sky-World2608/Sky-World2608/Assets
GfxDevice: creating device client; threaded=0
Direct3D:
    Version:  Direct3D 11.0 [level 11.1]
    Renderer: Radeon RX 580 Series (ID=0x67df)
    Vendor:   
    VRAM:     8170 MB
    Driver:   30.0.21017.1000
Initialize mono
Mono path[0] = 'D:/Unity/2020.3.38f1/Editor/Data/Managed'
Mono path[1] = 'D:/Unity/2020.3.38f1/Editor/Data/MonoBleedingEdge/lib/mono/unityjit'
Mono config path = 'D:/Unity/2020.3.38f1/Editor/Data/MonoBleedingEdge/etc'
Using monoOptions --debugger-agent=transport=dt_socket,embedding=1,server=y,suspend=n,address=127.0.0.1:56416
Begin MonoManager ReloadAssembly
Registering precompiled unity dll's ...
Register platform support module: D:/Unity/2020.3.38f1/Editor/Data/PlaybackEngines/WebGLSupport/UnityEditor.WebGL.Extensions.dll
Register platform support module: D:/Unity/2020.3.38f1/Editor/Data/PlaybackEngines/WindowsStandaloneSupport/UnityEditor.WindowsStandalone.Extensions.dll
Registered in 0.001280 seconds.
Native extension for WindowsStandalone target not found
Native extension for WebGL target not found
Refreshing native plugins compatible for Editor in 56.20 ms, found 3 plugins.
Preloading 0 native plugins for Editor in 0.00 ms.
Mono: successfully reloaded assembly
- Completed reload, in  0.577 seconds
Domain Reload Profiling:
	ReloadAssembly (578ms)
		BeginReloadAssembly (70ms)
			ExecutionOrderSort (0ms)
			DisableScriptedObjects (0ms)
			BackupInstance (0ms)
			ReleaseScriptingObjects (0ms)
			CreateAndSetChildDomain (1ms)
		EndReloadAssembly (444ms)
			LoadAssemblies (70ms)
			RebuildTransferFunctionScriptingTraits (0ms)
			SetupTypeCache (156ms)
			ReleaseScriptCaches (0ms)
			RebuildScriptCaches (29ms)
			SetupLoadedEditorAssemblies (173ms)
				LogAssemblyErrors (0ms)
				InitializePlatformSupportModulesInManaged (5ms)
				SetLoadedEditorAssemblies (0ms)
				RefreshPlugins (56ms)
				BeforeProcessingInitializeOnLoad (9ms)
				ProcessInitializeOnLoadAttributes (77ms)
				ProcessInitializeOnLoadMethodAttributes (26ms)
				AfterProcessingInitializeOnLoad (0ms)
				EditorAssembliesLoaded (0ms)
			ExecutionOrderSort2 (0ms)
			AwakeInstancesAfterBackupRestoration (0ms)
Platform modules already initialized, skipping
Registering precompiled user dll's ...
Registered in 0.005017 seconds.
Begin MonoManager ReloadAssembly
Native extension for WindowsStandalone target not found
Native extension for WebGL target not found
Refreshing native plugins compatible for Editor in 51.25 ms, found 3 plugins.
Preloading 0 native plugins for Editor in 0.00 ms.
Mono: successfully reloaded assembly
- Completed reload, in  1.093 seconds
Domain Reload Profiling:
	ReloadAssembly (1093ms)
		BeginReloadAssembly (162ms)
			ExecutionOrderSort (0ms)
			DisableScriptedObjects (4ms)
			BackupInstance (0ms)
			ReleaseScriptingObjects (0ms)
			CreateAndSetChildDomain (21ms)
		EndReloadAssembly (880ms)
			LoadAssemblies (136ms)
			RebuildTransferFunctionScriptingTraits (0ms)
			SetupTypeCache (323ms)
			ReleaseScriptCaches (0ms)
			RebuildScriptCaches (48ms)
			SetupLoadedEditorAssemblies (299ms)
				LogAssemblyErrors (0ms)
				InitializePlatformSupportModulesInManaged (4ms)
				SetLoadedEditorAssemblies (0ms)
				RefreshPlugins (51ms)
				BeforeProcessingInitializeOnLoad (54ms)
				ProcessInitializeOnLoadAttributes (169ms)
				ProcessInitializeOnLoadMethodAttributes (19ms)
				AfterProcessingInitializeOnLoad (2ms)
				EditorAssembliesLoaded (0ms)
			ExecutionOrderSort2 (0ms)
			AwakeInstancesAfterBackupRestoration (2ms)
Platform modules already initialized, skipping
========================================================================
Worker process is ready to serve import requests
Launched and connected shader compiler UnityShaderCompiler.exe after 0.07 seconds
Refreshing native plugins compatible for Editor in 0.59 ms, found 3 plugins.
Preloading 0 native plugins for Editor in 0.00 ms.
Unloading 2787 Unused Serialized files (Serialized files now loaded: 0)
System memory in use before: 113.3 MB.
System memory in use after: 113.5 MB.

Unloading 30 unused Assets to reduce memory usage. Loaded Objects now: 3221.
Total: 3.504000 ms (FindLiveObjects: 0.228600 ms CreateObjectMapping: 0.142800 ms MarkObjects: 3.045500 ms  DeleteObjects: 0.086000 ms)

AssetImportParameters requested are different than current active one (requested -> active):
  custom:framework-win-MediaFoundation: 216162199b28c13a410421893ffa2e32 -> 
  custom:video-decoder-ogg-theora: a1e56fd34408186e4bbccfd4996cb3dc -> 
  custom:container-muxer-webm: aa71ff27fc2769a1b78a27578f13a17b -> 
  custom:container-demuxer-webm: 4f35f7cbe854078d1ac9338744f61a02 -> 
  custom:container-demuxer-ogg: 62fdf1f143b41e24485cea50d1cbac27 -> 
  custom:video-encoder-webm-vp8: eb34c28f22e8b96e1ab97ce403110664 -> 
  custom:video-decoder-webm-vp8: 9c59270c3fd7afecdb556c50c9e8de78 -> 
  custom:audio-decoder-ogg-vorbis: bf7c407c2cedff20999df2af8eb42d56 -> 
  custom:audio-encoder-webm-vorbis: bf7c407c2cedff20999df2af8eb42d56 -> 
========================================================================
Received Import Request.
  path: Assets/Scenes
  artifactKey: Guid(3ad67dad4efbe5f40a5200177c669dae) Importer(815301076,1909f56bfc062723c751e8b465ee728b)
Start importing Assets/Scenes using Guid(3ad67dad4efbe5f40a5200177c669dae) Importer(815301076,1909f56bfc062723c751e8b465ee728b)  -> (artifact id: '34c02e3a8c671ece00da5e561ea82c11') in 0.011411 seconds 
========================================================================
Received Import Request.
  Time since last request: 0.000425 seconds.
  path: Assets/Scenes/DevScene/white-gb29ee4137_1280.png
  artifactKey: Guid(ac39f659682ad6e42821c9c204e86771) Importer(815301076,1909f56bfc062723c751e8b465ee728b)
Start importing Assets/Scenes/DevScene/white-gb29ee4137_1280.png using Guid(ac39f659682ad6e42821c9c204e86771) Importer(815301076,1909f56bfc062723c751e8b465ee728b)  -> (artifact id: 'febfc71244396b46e1e0044cbe944817') in 0.198376 seconds 
========================================================================
Received Import Request.
  Time since last request: 0.000204 seconds.
  path: Assets/Scenes/DevScene/level/Dev 2.unity
  artifactKey: Guid(172be9d67e6a36e4692d2f3b3e404139) Importer(815301076,1909f56bfc062723c751e8b465ee728b)
Start importing Assets/Scenes/DevScene/level/Dev 2.unity using Guid(172be9d67e6a36e4692d2f3b3e404139) Importer(815301076,1909f56bfc062723c751e8b465ee728b)  -> (artifact id: '60f0bca658062417dc309b2a57f7205c') in 0.007264 seconds 
========================================================================
Received Import Request.
  Time since last request: 0.000200 seconds.
  path: Assets/Scenes/DevScene/level
  artifactKey: Guid(07396dbe352207e45946de2654818c41) Importer(815301076,1909f56bfc062723c751e8b465ee728b)
Start importing Assets/Scenes/DevScene/level using Guid(07396dbe352207e45946de2654818c41) Importer(815301076,1909f56bfc062723c751e8b465ee728b)  -> (artifact id: 'cf52a09b1897f6dbc309ef16d5481987') in 0.006296 seconds 
========================================================================
Received Import Request.
  Time since last request: 0.000172 seconds.
  path: Assets/Scenes/DevScene
  artifactKey: Guid(08b4de715b73efa45a5d98562316fa2c) Importer(815301076,1909f56bfc062723c751e8b465ee728b)
Start importing Assets/Scenes/DevScene using Guid(08b4de715b73efa45a5d98562316fa2c) Importer(815301076,1909f56bfc062723c751e8b465ee728b)  -> (artifact id: '73ea31278769bd87b6bddf146bd98734') in 0.005455 seconds 
========================================================================
Received Import Request.
  Time since last request: 237.910737 seconds.
  path: Assets/Scenes/DevScene/level/Dev 1.unity
  artifactKey: Guid(5aeb2fa824a5e51468f569c238fd9128) Importer(815301076,1909f56bfc062723c751e8b465ee728b)
Start importing Assets/Scenes/DevScene/level/Dev 1.unity using Guid(5aeb2fa824a5e51468f569c238fd9128) Importer(815301076,1909f56bfc062723c751e8b465ee728b)  -> (artifact id: '0ef8beadc59a6a0b4354cf12f44bd708') in 0.006469 seconds 
========================================================================
Received Prepare
Registering precompiled user dll's ...
Registered in 0.004788 seconds.
Begin MonoManager ReloadAssembly
Native extension for WindowsStandalone target not found
Native extension for WebGL target not found
Refreshing native plugins compatible for Editor in 0.53 ms, found 3 plugins.
Preloading 0 native plugins for Editor in 0.00 ms.
Mono: successfully reloaded assembly
- Completed reload, in  0.973 seconds
Domain Reload Profiling:
	ReloadAssembly (973ms)
		BeginReloadAssembly (122ms)
			ExecutionOrderSort (0ms)
			DisableScriptedObjects (5ms)
			BackupInstance (0ms)
			ReleaseScriptingObjects (0ms)
			CreateAndSetChildDomain (36ms)
		EndReloadAssembly (802ms)
			LoadAssemblies (110ms)
			RebuildTransferFunctionScriptingTraits (0ms)
			SetupTypeCache (344ms)
			ReleaseScriptCaches (1ms)
			RebuildScriptCaches (39ms)
			SetupLoadedEditorAssemblies (241ms)
				LogAssemblyErrors (0ms)
				InitializePlatformSupportModulesInManaged (5ms)
				SetLoadedEditorAssemblies (0ms)
				RefreshPlugins (1ms)
				BeforeProcessingInitializeOnLoad (48ms)
				ProcessInitializeOnLoadAttributes (171ms)
				ProcessInitializeOnLoadMethodAttributes (14ms)
				AfterProcessingInitializeOnLoad (2ms)
				EditorAssembliesLoaded (0ms)
			ExecutionOrderSort2 (0ms)
			AwakeInstancesAfterBackupRestoration (4ms)
Platform modules already initialized, skipping
Refreshing native plugins compatible for Editor in 0.50 ms, found 3 plugins.
Preloading 0 native plugins for Editor in 0.00 ms.
Unloading 2775 Unused Serialized files (Serialized files now loaded: 0)
System memory in use before: 115.6 MB.
System memory in use after: 115.8 MB.

Unloading 19 unused Assets to reduce memory usage. Loaded Objects now: 3231.
Total: 2.775300 ms (FindLiveObjects: 0.179200 ms CreateObjectMapping: 0.110400 ms MarkObjects: 2.465300 ms  DeleteObjects: 0.019700 ms)

AssetImportParameters requested are different than current active one (requested -> active):
  custom:framework-win-MediaFoundation: 216162199b28c13a410421893ffa2e32 -> 
  custom:video-decoder-ogg-theora: a1e56fd34408186e4bbccfd4996cb3dc -> 
  custom:container-muxer-webm: aa71ff27fc2769a1b78a27578f13a17b -> 
  custom:container-demuxer-webm: 4f35f7cbe854078d1ac9338744f61a02 -> 
  custom:container-demuxer-ogg: 62fdf1f143b41e24485cea50d1cbac27 -> 
  custom:video-encoder-webm-vp8: eb34c28f22e8b96e1ab97ce403110664 -> 
  custom:video-decoder-webm-vp8: 9c59270c3fd7afecdb556c50c9e8de78 -> 
  custom:audio-decoder-ogg-vorbis: bf7c407c2cedff20999df2af8eb42d56 -> 
  custom:audio-encoder-webm-vorbis: bf7c407c2cedff20999df2af8eb42d56 -> 
========================================================================
Received Import Request.
  Time since last request: 938.780115 seconds.
  path: Assets/Scenes/DevScene/level/Dev 2.unity
  artifactKey: Guid(172be9d67e6a36e4692d2f3b3e404139) Importer(815301076,1909f56bfc062723c751e8b465ee728b)
Start importing Assets/Scenes/DevScene/level/Dev 2.unity using Guid(172be9d67e6a36e4692d2f3b3e404139) Importer(815301076,1909f56bfc062723c751e8b465ee728b)  -> (artifact id: '0dc5d77d92b20afa8682fcf822f5d12f') in 0.005704 seconds 
========================================================================
Received Import Request.
  Time since last request: 691.016298 seconds.
  path: Assets/Sprites/Background/Background_2_compressed.png
  artifactKey: Guid(4c96fe8c8fbb7c94989ebe80bd7b23ba) Importer(815301076,1909f56bfc062723c751e8b465ee728b)
Start importing Assets/Sprites/Background/Background_2_compressed.png using Guid(4c96fe8c8fbb7c94989ebe80bd7b23ba) Importer(815301076,1909f56bfc062723c751e8b465ee728b)  -> (artifact id: '4e7cb97cce2983f5b9b7b90dd3dbe1b2') in 0.114898 seconds 
========================================================================
Received Import Request.
  Time since last request: 0.276123 seconds.
  path: Assets/Sprites/Environment/1 1.png
  artifactKey: Guid(c0f22bd94b473df4eb4bb20310764622) Importer(815301076,1909f56bfc062723c751e8b465ee728b)
Start importing Assets/Sprites/Environment/1 1.png using Guid(c0f22bd94b473df4eb4bb20310764622) Importer(815301076,1909f56bfc062723c751e8b465ee728b)  -> (artifact id: 'bf270a777f071bbd274a04b4b6a5d03e') in 0.045783 seconds 
========================================================================
Received Import Request.
  Time since last request: 0.000180 seconds.
  path: Assets/Sprites/Environment/Кактус_шипы_пнг.png
  artifactKey: Guid(83af490c00468a94e848f369c68edfdd) Importer(815301076,1909f56bfc062723c751e8b465ee728b)
Start importing Assets/Sprites/Environment/Кактус_шипы_пнг.png using Guid(83af490c00468a94e848f369c68edfdd) Importer(815301076,1909f56bfc062723c751e8b465ee728b)  -> (artifact id: '845e5e0f70e706e0d64624e4e1891ce3') in 0.015263 seconds 
========================================================================
Received Import Request.
  Time since last request: 0.000207 seconds.
  path: Assets/Sprites/Environment/2_ветка_цвет.png
  artifactKey: Guid(3ce62feb08a1ef04cb61d6cedde3359b) Importer(815301076,1909f56bfc062723c751e8b465ee728b)
Start importing Assets/Sprites/Environment/2_ветка_цвет.png using Guid(3ce62feb08a1ef04cb61d6cedde3359b) Importer(815301076,1909f56bfc062723c751e8b465ee728b)  -> (artifact id: '02edd7f0ec18ca5c85559c4db74059b8') in 0.014791 seconds 
========================================================================
Received Import Request.
  Time since last request: 0.000203 seconds.
  path: Assets/Sprites/Environment/white-gb29ee4137_1280.prefab
  artifactKey: Guid(19cb1cc0d550a15438f91fa3246dc178) Importer(815301076,1909f56bfc062723c751e8b465ee728b)
Start importing Assets/Sprites/Environment/white-gb29ee4137_1280.prefab using Guid(19cb1cc0d550a15438f91fa3246dc178) Importer(815301076,1909f56bfc062723c751e8b465ee728b)  -> (artifact id: 'f3cfef282db45ce19d68a272628c11cc') in 0.032206 seconds 
========================================================================
Received Import Request.
  Time since last request: 0.000173 seconds.
  path: Assets/Sprites/Environment/2 1.png
  artifactKey: Guid(034950cb88bef784d88fbf4d4e0297c2) Importer(815301076,1909f56bfc062723c751e8b465ee728b)
Start importing Assets/Sprites/Environment/2 1.png using Guid(034950cb88bef784d88fbf4d4e0297c2) Importer(815301076,1909f56bfc062723c751e8b465ee728b)  -> (artifact id: 'a41d91d20e4e80d7240d4f818c8daec2') in 0.079766 seconds 
========================================================================
Received Import Request.
  Time since last request: 0.000153 seconds.
  path: Assets/Sprites/Environment/Поток_ветра_чб.png
  artifactKey: Guid(1314899a22b4bdf4399c66c2249f0c68) Importer(815301076,1909f56bfc062723c751e8b465ee728b)
Start importing Assets/Sprites/Environment/Поток_ветра_чб.png using Guid(1314899a22b4bdf4399c66c2249f0c68) Importer(815301076,1909f56bfc062723c751e8b465ee728b)  -> (artifact id: '560da55de35be85a2f63393e8e97f2eb') in 0.015442 seconds 
========================================================================
Received Import Request.
  Time since last request: 0.000189 seconds.
  path: Assets/Sprites/Environment/3.png
  artifactKey: Guid(776171635c131fc4d8f09f9e2a6e82f4) Importer(815301076,1909f56bfc062723c751e8b465ee728b)
Start importing Assets/Sprites/Environment/3.png using Guid(776171635c131fc4d8f09f9e2a6e82f4) Importer(815301076,1909f56bfc062723c751e8b465ee728b)  -> (artifact id: 'b9a6a7cb9a10c76903395bc3cd7db4ac') in 0.015500 seconds 
========================================================================
Received Import Request.
  Time since last request: 0.000272 seconds.
  path: Assets/Sprites/Environment/4.png
  artifactKey: Guid(83572c93c28b4eb47ab09d6bf8ce6aa1) Importer(815301076,1909f56bfc062723c751e8b465ee728b)
Start importing Assets/Sprites/Environment/4.png using Guid(83572c93c28b4eb47ab09d6bf8ce6aa1) Importer(815301076,1909f56bfc062723c751e8b465ee728b)  -> (artifact id: 'f412b9f8897f0d0c0b5927b68ea9b0fb') in 0.014507 seconds 
========================================================================
Received Import Request.
  Time since last request: 0.000179 seconds.
  path: Assets/Sprites/Environment/1_ветка_цвет.png
  artifactKey: Guid(a766fe825b6d1364e8d6a1aff1bf85ba) Importer(815301076,1909f56bfc062723c751e8b465ee728b)
Start importing Assets/Sprites/Environment/1_ветка_цвет.png using Guid(a766fe825b6d1364e8d6a1aff1bf85ba) Importer(815301076,1909f56bfc062723c751e8b465ee728b)  -> (artifact id: 'cf21acb9f990b99d0cbd6640cad47306') in 0.014185 seconds 
========================================================================
Received Import Request.
  Time since last request: 0.000207 seconds.
  path: Assets/Sprites/Environment/2.png
  artifactKey: Guid(869c30121806aad4386ab7febbe8c38f) Importer(815301076,1909f56bfc062723c751e8b465ee728b)
Start importing Assets/Sprites/Environment/2.png using Guid(869c30121806aad4386ab7febbe8c38f) Importer(815301076,1909f56bfc062723c751e8b465ee728b)  -> (artifact id: '5ec7cee22368d98ac9e262ec38a479ba') in 0.015338 seconds 
========================================================================
Received Import Request.
  Time since last request: 0.000184 seconds.
  path: Assets/Sprites/Environment/2_ветка_чб.png
  artifactKey: Guid(1debd1a1ebeba98479c077f22cd01f83) Importer(815301076,1909f56bfc062723c751e8b465ee728b)
Start importing Assets/Sprites/Environment/2_ветка_чб.png using Guid(1debd1a1ebeba98479c077f22cd01f83) Importer(815301076,1909f56bfc062723c751e8b465ee728b)  -> (artifact id: '2de7b726ee204ad056fea34e932b2554') in 0.013695 seconds 
========================================================================
Received Import Request.
  Time since last request: 0.000207 seconds.
  path: Assets/Sprites/Environment/Кактус_пнг_цвет_3.png
  artifactKey: Guid(4eec56114615bc64a9c96912469c2c76) Importer(815301076,1909f56bfc062723c751e8b465ee728b)
Start importing Assets/Sprites/Environment/Кактус_пнг_цвет_3.png using Guid(4eec56114615bc64a9c96912469c2c76) Importer(815301076,1909f56bfc062723c751e8b465ee728b)  -> (artifact id: '406004784a32c901bd0457d62ada8d2a') in 0.015574 seconds 
========================================================================
Received Import Request.
  Time since last request: 0.000204 seconds.
  path: Assets/Sprites/Environment/spikes.png
  artifactKey: Guid(aa304baa909350244a33c4cfd3d99e81) Importer(815301076,1909f56bfc062723c751e8b465ee728b)
Start importing Assets/Sprites/Environment/spikes.png using Guid(aa304baa909350244a33c4cfd3d99e81) Importer(815301076,1909f56bfc062723c751e8b465ee728b)  -> (artifact id: '598569d132119f67e31d439674fbd329') in 0.026431 seconds 
========================================================================
Received Import Request.
  Time since last request: 0.000194 seconds.
  path: Assets/Sprites/Environment/Перекатииполе_цвет.png
  artifactKey: Guid(d219ad716f6940d4eac6e7fadcf90fd7) Importer(815301076,1909f56bfc062723c751e8b465ee728b)
Start importing Assets/Sprites/Environment/Перекатииполе_цвет.png using Guid(d219ad716f6940d4eac6e7fadcf90fd7) Importer(815301076,1909f56bfc062723c751e8b465ee728b)  -> (artifact id: '3dde74af39b344b74afa63c1cdda4fe2') in 0.019948 seconds 
========================================================================
Received Import Request.
  Time since last request: 0.000168 seconds.
  path: Assets/Sprites/Environment/Торнадо_чб.png
  artifactKey: Guid(74ca60117dc398c45a402f8d9dedf76b) Importer(815301076,1909f56bfc062723c751e8b465ee728b)
Start importing Assets/Sprites/Environment/Торнадо_чб.png using Guid(74ca60117dc398c45a402f8d9dedf76b) Importer(815301076,1909f56bfc062723c751e8b465ee728b)  -> (artifact id: '4b301833cea6684f98d1d458e2cb8796') in 0.018553 seconds 
========================================================================
Received Import Request.
  Time since last request: 0.000185 seconds.
  path: Assets/Sprites/Environment/Перекатииполе_чб.png
  artifactKey: Guid(0b1dfebfbee3c4645a0bb57cc020e5ef) Importer(815301076,1909f56bfc062723c751e8b465ee728b)
Start importing Assets/Sprites/Environment/Перекатииполе_чб.png using Guid(0b1dfebfbee3c4645a0bb57cc020e5ef) Importer(815301076,1909f56bfc062723c751e8b465ee728b)  -> (artifact id: '3d63853303ee2314a0004edd84dead19') in 0.015063 seconds 
========================================================================
Received Import Request.
  Time since last request: 0.000219 seconds.
  path: Assets/Sprites/Environment/Flor.png
  artifactKey: Guid(9bd6b00bd5d4030498275cd7350a40d4) Importer(815301076,1909f56bfc062723c751e8b465ee728b)
Start importing Assets/Sprites/Environment/Flor.png using Guid(9bd6b00bd5d4030498275cd7350a40d4) Importer(815301076,1909f56bfc062723c751e8b465ee728b)  -> (artifact id: 'bb8fd5c250abf58626d3726c218cca12') in 0.014056 seconds 
========================================================================
Received Import Request.
  Time since last request: 0.000169 seconds.
  path: Assets/Sprites/Environment/3_ветка_чб.png
  artifactKey: Guid(422fea01147518747988cbc3e0f36508) Importer(815301076,1909f56bfc062723c751e8b465ee728b)
Start importing Assets/Sprites/Environment/3_ветка_чб.png using Guid(422fea01147518747988cbc3e0f36508) Importer(815301076,1909f56bfc062723c751e8b465ee728b)  -> (artifact id: '50cbc9408c581dc7c2cca3acc747b22e') in 0.014831 seconds 
========================================================================
Received Import Request.
  Time since last request: 0.000166 seconds.
  path: Assets/Sprites/Environment/Кактус_2_чб.png
  artifactKey: Guid(7ca8504297be96141935db92835ddef7) Importer(815301076,1909f56bfc062723c751e8b465ee728b)
Start importing Assets/Sprites/Environment/Кактус_2_чб.png using Guid(7ca8504297be96141935db92835ddef7) Importer(815301076,1909f56bfc062723c751e8b465ee728b)  -> (artifact id: 'fbd466598103de962bd308e7edb8b4e7') in 0.014408 seconds 
========================================================================
Received Import Request.
  Time since last request: 0.000157 seconds.
  path: Assets/Sprites/Environment/Торнадо_цвет_с_пылью_цвет.png
  artifactKey: Guid(280991bbdbd5bf74aa441a964f99e3a9) Importer(815301076,1909f56bfc062723c751e8b465ee728b)
Start importing Assets/Sprites/Environment/Торнадо_цвет_с_пылью_цвет.png using Guid(280991bbdbd5bf74aa441a964f99e3a9) Importer(815301076,1909f56bfc062723c751e8b465ee728b)  -> (artifact id: '9c578ad10aa2b65f51ea7a89115d599f') in 0.019173 seconds 
========================================================================
Received Import Request.
  Time since last request: 0.000200 seconds.
  path: Assets/Sprites/Environment/Кактус_пнг_3.png
  artifactKey: Guid(cd4e2c234444872438eeb6feb5fb3dca) Importer(815301076,1909f56bfc062723c751e8b465ee728b)
Start importing Assets/Sprites/Environment/Кактус_пнг_3.png using Guid(cd4e2c234444872438eeb6feb5fb3dca) Importer(815301076,1909f56bfc062723c751e8b465ee728b)  -> (artifact id: 'c1b90531448b5b0e07b2e71ef05ebc9b') in 0.015287 seconds 
========================================================================
Received Import Request.
  Time since last request: 0.000223 seconds.
  path: Assets/Sprites/Environment/Кактус_2_цвет.png
  artifactKey: Guid(1df5824665518884f9ceee40717ff189) Importer(815301076,1909f56bfc062723c751e8b465ee728b)
Start importing Assets/Sprites/Environment/Кактус_2_цвет.png using Guid(1df5824665518884f9ceee40717ff189) Importer(815301076,1909f56bfc062723c751e8b465ee728b)  -> (artifact id: 'fe2d9b732c5bfc94a66535e38eb27862') in 0.013614 seconds 
========================================================================
Received Import Request.
  Time since last request: 0.000179 seconds.
  path: Assets/Sprites/Environment/1_ветка_чб.png
  artifactKey: Guid(97d908cf7a000894d8dfab35d18ceb4b) Importer(815301076,1909f56bfc062723c751e8b465ee728b)
Start importing Assets/Sprites/Environment/1_ветка_чб.png using Guid(97d908cf7a000894d8dfab35d18ceb4b) Importer(815301076,1909f56bfc062723c751e8b465ee728b)  -> (artifact id: 'f709933ee968dd71ad4f36c8f71db248') in 0.012972 seconds 
========================================================================
Received Import Request.
  Time since last request: 0.000231 seconds.
  path: Assets/Sprites/Environment/Торнадо_цвет_с_пылью_чб.png
  artifactKey: Guid(07a56ae7ae051214094585ef8fbd3bf4) Importer(815301076,1909f56bfc062723c751e8b465ee728b)
Start importing Assets/Sprites/Environment/Торнадо_цвет_с_пылью_чб.png using Guid(07a56ae7ae051214094585ef8fbd3bf4) Importer(815301076,1909f56bfc062723c751e8b465ee728b)  -> (artifact id: 'c8be7f89c3902f09300db91626ec1d01') in 0.018111 seconds 
========================================================================
Received Import Request.
  Time since last request: 0.000171 seconds.
  path: Assets/Sprites/Environment/птицы.png
  artifactKey: Guid(8f46bfc8796ac4d45a893865e1fd3da3) Importer(815301076,1909f56bfc062723c751e8b465ee728b)
Start importing Assets/Sprites/Environment/птицы.png using Guid(8f46bfc8796ac4d45a893865e1fd3da3) Importer(815301076,1909f56bfc062723c751e8b465ee728b)  -> (artifact id: 'f8030f8c5f7ca7486a06ac207c115525') in 0.031909 seconds 
========================================================================
Received Import Request.
  Time since last request: 0.000233 seconds.
  path: Assets/Sprites/Environment/Поток_ветра_цвет.png
  artifactKey: Guid(8fbaa4f4d01aab84fa784b6f20a97b2a) Importer(815301076,1909f56bfc062723c751e8b465ee728b)
Start importing Assets/Sprites/Environment/Поток_ветра_цвет.png using Guid(8fbaa4f4d01aab84fa784b6f20a97b2a) Importer(815301076,1909f56bfc062723c751e8b465ee728b)  -> (artifact id: 'ea94d838429aa2b5279cc1d16508d54e') in 0.014581 seconds 
========================================================================
Received Import Request.
  Time since last request: 0.000265 seconds.
  path: Assets/Sprites/Environment/3_ветка_цвет.png
  artifactKey: Guid(ecb25f28be92b8845b3a8fcf7dc30ec7) Importer(815301076,1909f56bfc062723c751e8b465ee728b)
Start importing Assets/Sprites/Environment/3_ветка_цвет.png using Guid(ecb25f28be92b8845b3a8fcf7dc30ec7) Importer(815301076,1909f56bfc062723c751e8b465ee728b)  -> (artifact id: 'd6233be727ada20971b4034c999064b6') in 0.015153 seconds 
========================================================================
Received Import Request.
  Time since last request: 0.000176 seconds.
  path: Assets/Sprites/Environment/Кактус_шипы_пнг_чб.png
  artifactKey: Guid(48f4f8a527255ef428b3d2dd2f5f83d0) Importer(815301076,1909f56bfc062723c751e8b465ee728b)
Start importing Assets/Sprites/Environment/Кактус_шипы_пнг_чб.png using Guid(48f4f8a527255ef428b3d2dd2f5f83d0) Importer(815301076,1909f56bfc062723c751e8b465ee728b)  -> (artifact id: '4f0699aa5692a1c0e1fe941ae530189e') in 0.014695 seconds 
========================================================================
Received Import Request.
  Time since last request: 0.000276 seconds.
  path: Assets/Sprites/Environment/Торнадо_цвет.png
  artifactKey: Guid(02d412178d9fb2a49b61ab716ac1f2d1) Importer(815301076,1909f56bfc062723c751e8b465ee728b)
Start importing Assets/Sprites/Environment/Торнадо_цвет.png using Guid(02d412178d9fb2a49b61ab716ac1f2d1) Importer(815301076,1909f56bfc062723c751e8b465ee728b)  -> (artifact id: 'e69a766d62fc2478eeb85a97b164a060') in 0.018882 seconds 
========================================================================
Received Import Request.
  Time since last request: 0.000253 seconds.
  path: Assets/Sprites/Environment/1.png
  artifactKey: Guid(31f066816b545354b87ca649f2c25841) Importer(815301076,1909f56bfc062723c751e8b465ee728b)
Start importing Assets/Sprites/Environment/1.png using Guid(31f066816b545354b87ca649f2c25841) Importer(815301076,1909f56bfc062723c751e8b465ee728b)  -> (artifact id: 'f6a7f3127d4b75f0c5a4cb179a6f423d') in 0.016846 seconds 
========================================================================
Received Prepare
Registering precompiled user dll's ...
Registered in 0.004956 seconds.
Begin MonoManager ReloadAssembly
Native extension for WindowsStandalone target not found
Native extension for WebGL target not found
Refreshing native plugins compatible for Editor in 0.54 ms, found 3 plugins.
Preloading 0 native plugins for Editor in 0.00 ms.
Mono: successfully reloaded assembly
- Completed reload, in  0.993 seconds
Domain Reload Profiling:
	ReloadAssembly (993ms)
		BeginReloadAssembly (122ms)
			ExecutionOrderSort (0ms)
			DisableScriptedObjects (5ms)
			BackupInstance (0ms)
			ReleaseScriptingObjects (0ms)
			CreateAndSetChildDomain (36ms)
		EndReloadAssembly (820ms)
			LoadAssemblies (111ms)
			RebuildTransferFunctionScriptingTraits (0ms)
			SetupTypeCache (355ms)
			ReleaseScriptCaches (1ms)
			RebuildScriptCaches (40ms)
			SetupLoadedEditorAssemblies (248ms)
				LogAssemblyErrors (0ms)
				InitializePlatformSupportModulesInManaged (5ms)
				SetLoadedEditorAssemblies (0ms)
				RefreshPlugins (1ms)
				BeforeProcessingInitializeOnLoad (49ms)
				ProcessInitializeOnLoadAttributes (177ms)
				ProcessInitializeOnLoadMethodAttributes (14ms)
				AfterProcessingInitializeOnLoad (2ms)
				EditorAssembliesLoaded (0ms)
			ExecutionOrderSort2 (0ms)
			AwakeInstancesAfterBackupRestoration (4ms)
Platform modules already initialized, skipping
Refreshing native plugins compatible for Editor in 0.52 ms, found 3 plugins.
Preloading 0 native plugins for Editor in 0.00 ms.
Unloading 2775 Unused Serialized files (Serialized files now loaded: 0)
System memory in use before: 115.8 MB.
System memory in use after: 116.1 MB.

Unloading 19 unused Assets to reduce memory usage. Loaded Objects now: 3359.
Total: 2.748600 ms (FindLiveObjects: 0.200000 ms CreateObjectMapping: 0.112700 ms MarkObjects: 2.414600 ms  DeleteObjects: 0.020500 ms)

AssetImportParameters requested are different than current active one (requested -> active):
  custom:framework-win-MediaFoundation: 216162199b28c13a410421893ffa2e32 -> 
  custom:video-decoder-ogg-theora: a1e56fd34408186e4bbccfd4996cb3dc -> 
  custom:container-muxer-webm: aa71ff27fc2769a1b78a27578f13a17b -> 
  custom:container-demuxer-webm: 4f35f7cbe854078d1ac9338744f61a02 -> 
  custom:container-demuxer-ogg: 62fdf1f143b41e24485cea50d1cbac27 -> 
  custom:video-encoder-webm-vp8: eb34c28f22e8b96e1ab97ce403110664 -> 
  custom:video-decoder-webm-vp8: 9c59270c3fd7afecdb556c50c9e8de78 -> 
  custom:audio-decoder-ogg-vorbis: bf7c407c2cedff20999df2af8eb42d56 -> 
  custom:audio-encoder-webm-vorbis: bf7c407c2cedff20999df2af8eb42d56 -> 
========================================================================
Received Import Request.
  Time since last request: 2834.974225 seconds.
  path: Assets/Scenes/DevScene/level/Dev 1.unity
  artifactKey: Guid(5aeb2fa824a5e51468f569c238fd9128) Importer(815301076,1909f56bfc062723c751e8b465ee728b)
Start importing Assets/Scenes/DevScene/level/Dev 1.unity using Guid(5aeb2fa824a5e51468f569c238fd9128) Importer(815301076,1909f56bfc062723c751e8b465ee728b)  -> (artifact id: '0c86e844e16ebdc1eefbc01373c97a8a') in 0.009548 seconds 
========================================================================
Received Import Request.
  Time since last request: 20.588996 seconds.
  path: Assets/Scripts/Environment/Enemies/Movement.cs
  artifactKey: Guid(e4ba859163e936345ba5f88a3f768e5d) Importer(815301076,1909f56bfc062723c751e8b465ee728b)
Start importing Assets/Scripts/Environment/Enemies/Movement.cs using Guid(e4ba859163e936345ba5f88a3f768e5d) Importer(815301076,1909f56bfc062723c751e8b465ee728b)  -> (artifact id: '4b64c30010ba625f7e30eff53681bd4c') in 0.010036 seconds 
========================================================================
Received Import Request.
  Time since last request: 40.110445 seconds.
  path: Assets/Scenes/DevScene/level/Dev 2.unity
  artifactKey: Guid(172be9d67e6a36e4692d2f3b3e404139) Importer(815301076,1909f56bfc062723c751e8b465ee728b)
Start importing Assets/Scenes/DevScene/level/Dev 2.unity using Guid(172be9d67e6a36e4692d2f3b3e404139) Importer(815301076,1909f56bfc062723c751e8b465ee728b)  -> (artifact id: '02762163a4e994b06f2bb5ca41448321') in 0.002671 seconds 
========================================================================
Received Import Request.
  Time since last request: 6.785492 seconds.
  path: Assets/Scenes/DevScene/level/Dev 1.unity
  artifactKey: Guid(5aeb2fa824a5e51468f569c238fd9128) Importer(815301076,1909f56bfc062723c751e8b465ee728b)
Start importing Assets/Scenes/DevScene/level/Dev 1.unity using Guid(5aeb2fa824a5e51468f569c238fd9128) Importer(815301076,1909f56bfc062723c751e8b465ee728b)  -> (artifact id: 'f537e0fe528a3faad3991d4f67c96387') in 0.002684 seconds 
========================================================================
Received Prepare
Registering precompiled user dll's ...
Registered in 0.004909 seconds.
Begin MonoManager ReloadAssembly
Native extension for WindowsStandalone target not found
Native extension for WebGL target not found
Refreshing native plugins compatible for Editor in 0.54 ms, found 3 plugins.
Preloading 0 native plugins for Editor in 0.00 ms.
Mono: successfully reloaded assembly
- Completed reload, in  0.940 seconds
Domain Reload Profiling:
	ReloadAssembly (940ms)
		BeginReloadAssembly (118ms)
			ExecutionOrderSort (0ms)
			DisableScriptedObjects (5ms)
			BackupInstance (0ms)
			ReleaseScriptingObjects (0ms)
			CreateAndSetChildDomain (34ms)
		EndReloadAssembly (772ms)
			LoadAssemblies (116ms)
			RebuildTransferFunctionScriptingTraits (0ms)
			SetupTypeCache (306ms)
			ReleaseScriptCaches (1ms)
			RebuildScriptCaches (39ms)
			SetupLoadedEditorAssemblies (245ms)
				LogAssemblyErrors (0ms)
				InitializePlatformSupportModulesInManaged (5ms)
				SetLoadedEditorAssemblies (0ms)
				RefreshPlugins (1ms)
				BeforeProcessingInitializeOnLoad (49ms)
				ProcessInitializeOnLoadAttributes (175ms)
				ProcessInitializeOnLoadMethodAttributes (14ms)
				AfterProcessingInitializeOnLoad (2ms)
				EditorAssembliesLoaded (0ms)
			ExecutionOrderSort2 (0ms)
			AwakeInstancesAfterBackupRestoration (4ms)
Platform modules already initialized, skipping
Refreshing native plugins compatible for Editor in 0.53 ms, found 3 plugins.
Preloading 0 native plugins for Editor in 0.00 ms.
Unloading 2775 Unused Serialized files (Serialized files now loaded: 0)
System memory in use before: 115.9 MB.
System memory in use after: 116.1 MB.

Unloading 19 unused Assets to reduce memory usage. Loaded Objects now: 3362.
Total: 2.860100 ms (FindLiveObjects: 0.211300 ms CreateObjectMapping: 0.123600 ms MarkObjects: 2.504200 ms  DeleteObjects: 0.020300 ms)

AssetImportParameters requested are different than current active one (requested -> active):
  custom:framework-win-MediaFoundation: 216162199b28c13a410421893ffa2e32 -> 
  custom:video-decoder-ogg-theora: a1e56fd34408186e4bbccfd4996cb3dc -> 
  custom:container-muxer-webm: aa71ff27fc2769a1b78a27578f13a17b -> 
  custom:container-demuxer-webm: 4f35f7cbe854078d1ac9338744f61a02 -> 
  custom:container-demuxer-ogg: 62fdf1f143b41e24485cea50d1cbac27 -> 
  custom:video-encoder-webm-vp8: eb34c28f22e8b96e1ab97ce403110664 -> 
  custom:video-decoder-webm-vp8: 9c59270c3fd7afecdb556c50c9e8de78 -> 
  custom:audio-decoder-ogg-vorbis: bf7c407c2cedff20999df2af8eb42d56 -> 
  custom:audio-encoder-webm-vorbis: bf7c407c2cedff20999df2af8eb42d56 -> 
